          --------------------- Info(2020-12-15 19:28:16.3863)DESKTOP-7G8A7L5-------------------- 
          
          Exception Type:
          Exception Message:
          Stack Trace:
          Additional Info:User Login with ID: 
          
          --------------------- Info(2020-12-15 19:29:20.2968)DESKTOP-7G8A7L5-------------------- 
          
          Exception Type:
          Exception Message:
          Stack Trace:
          Additional Info:User created with ID:  and User Email: 
          
          --------------------- Info(2020-12-15 19:31:17.2043)DESKTOP-7G8A7L5-------------------- 
          
          Exception Type:
          Exception Message:
          Stack Trace:
          Additional Info:User created with ID:  and User Email: parth1234@gmail.com
          
          --------------------- Info(2020-12-15 19:34:24.0146)DESKTOP-7G8A7L5-------------------- 
          
          Exception Type:
          Exception Message:
          Stack Trace:
          Additional Info:User Login with Email: 
          
          --------------------- Info(2020-12-15 19:35:20.9481)DESKTOP-7G8A7L5-------------------- 
          
          Exception Type:
          Exception Message:
          Stack Trace:
          Additional Info:User Login with Email: parthnonghanvadra@gmail.com
          
